<?xml version="1.0" encoding="UTF-8"?>
<testsuite xmlns:xsi="http://www.w3.org/2001/XMLSchema-instance" xsi:noNamespaceSchemaLocation="https://maven.apache.org/surefire/maven-surefire-plugin/xsd/surefire-test-report-3.0.xsd" version="3.0" name="io.github.springexample.springexample1.Springexample1ApplicationTests" time="8.762" tests="1" errors="0" skipped="0" failures="0">
  <properties>
[...]
</properties>
  <testcase name="contextLoads" classname="io.github.springexample.springexample1.Springexample1ApplicationTests" time="1.352">
    <system-out><![CDATA[21:13:45.715 [main] INFO org.springframework.test.context.support.AnnotationConfigContextLoaderUtils -- Could not detect default configuration classes for test class [io.github.springexample.springexample1.Springexample1ApplicationTests]: Springexample1ApplicationTests does not declare any static, non-private, non-final, nested classes annotated with @Configuration.
21:13:45.908 [main] INFO org.springframework.boot.test.context.SpringBootTestContextBootstrapper -- Found @SpringBootConfiguration io.github.springexample.springexample1.Springexample1Application for test class io.github.springexample.springexample1.Springexample1ApplicationTests
21:13:46.265 [main] INFO org.springframework.boot.devtools.restart.RestartApplicationListener -- Restart disabled due to context in which it is running

  .   ____          _            __ _ _
 /\\ / ___'_ __ _ _(_)_ __  __ _ \ \ \ \
( ( )\___ | '_ | '_| | '_ \/ _` | \ \ \ \
 \\/  ___)| |_)| | | | | || (_| |  ) ) ) )
  '  |____| .__|_| |_|_| |_\__, | / / / /
 =========|_|==============|___/=/_/_/_/

 :: Spring Boot ::               (v3.3.12)

2025-08-15T21:13:46.710-03:00  INFO 9768 --- [spring-example-1] [           main] i.g.s.s.Springexample1ApplicationTests   : Starting Springexample1ApplicationTests using Java 17.0.13 with PID 9768 (started by jasso in C:\Users\jasso\OneDrive\Documentos\Estudos\Projeto NTT\springexample1)
2025-08-15T21:13:46.713-03:00  INFO 9768 --- [spring-example-1] [           main] i.g.s.s.Springexample1ApplicationTests   : No active profile set, falling back to 1 default profile: "default"
2025-08-15T21:13:48.551-03:00  INFO 9768 --- [spring-example-1] [           main] .s.d.r.c.RepositoryConfigurationDelegate : Multiple Spring Data modules found, entering strict repository configuration mode
2025-08-15T21:13:48.557-03:00  INFO 9768 --- [spring-example-1] [           main] .s.d.r.c.RepositoryConfigurationDelegate : Bootstrapping Spring Data Redis repositories in DEFAULT mode.
2025-08-15T21:13:48.610-03:00  INFO 9768 --- [spring-example-1] [           main] .s.d.r.c.RepositoryConfigurationDelegate : Finished Spring Data repository scanning in 21 ms. Found 0 Redis repository interfaces.
2025-08-15T21:13:52.665-03:00  INFO 9768 --- [spring-example-1] [           main] o.s.b.a.e.web.EndpointLinksResolver      : Exposing 1 endpoint beneath base path '/actuator'
2025-08-15T21:13:52.787-03:00  INFO 9768 --- [spring-example-1] [           main] i.g.s.s.Springexample1ApplicationTests   : Started Springexample1ApplicationTests in 6.551 seconds (process running for 8.219)
]]></system-out>
    <system-err><![CDATA[ago. 15, 2025 9:13:44 PM org.junit.platform.launcher.core.LauncherConfigurationParameters loadClasspathResource
ADVERTÊNCIA: Discovered 2 'junit-platform.properties' configuration files in the classpath; only the first will be used.
ago. 15, 2025 9:13:45 PM org.junit.platform.launcher.core.LauncherConfigurationParameters loadClasspathResource
ADVERTÊNCIA: Discovered 2 'junit-platform.properties' configuration files in the classpath; only the first will be used.
ago. 15, 2025 9:13:45 PM org.junit.platform.launcher.core.LauncherConfigurationParameters loadClasspathResource
ADVERTÊNCIA: Discovered 2 'junit-platform.properties' configuration files in the classpath; only the first will be used.
]]></system-err>
  </testcase>
</testsuite>